2025-04-04 08:28:39.235886 - Received CBT.V508.FILE361.PDS from FILE361.XMI 
2025-04-04 08:28:39.237118 - Found $CHANGE.txt (text/plain) in CBT.V508.FILE361.PDS, moved to PDS/$CHANGE
2025-04-04 08:28:39.237280 - Found $NOTESAM.txt (text/plain) in CBT.V508.FILE361.PDS, moved to PDS/$NOTESAM
2025-04-04 08:28:39.237421 - Found $SETRC.txt (text/plain) in CBT.V508.FILE361.PDS, moved to PDS/$SETRC
2025-04-04 08:28:39.237565 - Found @FILE361.txt (text/plain) in CBT.V508.FILE361.PDS, moved to PDS/@FILE361
2025-04-04 08:28:39.237696 - Found @FILE362.txt (text/plain) in CBT.V508.FILE361.PDS, moved to PDS/@FILE362
2025-04-04 08:28:39.237848 - Found BINSRCH.txt (text/plain) in CBT.V508.FILE361.PDS, moved to PDS/BINSRCH
2025-04-04 08:28:39.237986 - Found CHAIN.txt (text/plain) in CBT.V508.FILE361.PDS, moved to PDS/CHAIN
2025-04-04 08:28:39.238118 - Found CXYPLASM.jcl (text/plain) in CBT.V508.FILE361.PDS, moved to PDS/CXYPLASM
2025-04-04 08:28:39.238244 - Found CXYPSASM.jcl (text/plain) in CBT.V508.FILE361.PDS, moved to PDS/CXYPSASM
2025-04-04 08:28:39.238394 - Found CXYPSCAN.txt (text/plain) in CBT.V508.FILE361.PDS, moved to PDS/CXYPSCAN
2025-04-04 08:28:39.238519 - Found CXYPSDOC.txt (text/plain) in CBT.V508.FILE361.PDS, moved to PDS/CXYPSDOC
2025-04-04 08:28:39.238648 - Found EQUBITS.txt (text/plain) in CBT.V508.FILE361.PDS, moved to PDS/EQUBITS
2025-04-04 08:28:39.238767 - Found EQUREGS.txt (text/plain) in CBT.V508.FILE361.PDS, moved to PDS/EQUREGS
2025-04-04 08:28:39.238888 - Found PDSSCAN.txt (text/plain) in CBT.V508.FILE361.PDS, moved to PDS/PDSSCAN
2025-04-04 08:28:39.239017 - Found PSCAN.txt (text/plain) in CBT.V508.FILE361.PDS, moved to PDS/PSCAN
2025-04-04 08:28:39.239176 - Found SXNRSU09.txt (text/plain) in CBT.V508.FILE361.PDS, moved to PDS/SXNRSU09
2025-04-04 08:28:39.239619 - Found TAPESCAS.jcl (text/plain) in CBT.V508.FILE361.PDS, moved to PDS/TAPESCAS
2025-04-04 08:28:39.239763 - Found TAPESC50.txt (text/plain) in CBT.V508.FILE361.PDS, moved to PDS/TAPESC50
2025-04-04 08:28:39.239884 - Found TESTSCAN.jcl (text/plain) in CBT.V508.FILE361.PDS, moved to PDS/TESTSCAN
2025-04-04 08:28:39.240007 - Found TESTTPSC.jcl (text/plain) in CBT.V508.FILE361.PDS, moved to PDS/TESTTPSC
2025-04-04 08:28:39.240132 - Found TESTZZRL.jcl (text/plain) in CBT.V508.FILE361.PDS, moved to PDS/TESTZZRL
2025-04-04 08:28:39.240264 - Found XMTZIPLD.jcl (text/plain) in CBT.V508.FILE361.PDS, moved to PDS/XMTZIPLD
2025-04-04 08:28:39.240393 - Found XMTZIPSR.jcl (text/plain) in CBT.V508.FILE361.PDS, moved to PDS/XMTZIPSR
2025-04-04 08:28:39.240660 - Found ZZMESAGE.txt (text/plain) in CBT.V508.FILE361.PDS, moved to PDS/ZZMESAGE
2025-04-04 08:28:39.240789 - Found ZZRELASM.jcl (text/plain) in CBT.V508.FILE361.PDS, moved to PDS/ZZRELASM
2025-04-04 08:28:39.240901 - Found ZZRELCOM.txt (text/plain) in CBT.V508.FILE361.PDS, moved to PDS/ZZRELCOM
2025-04-04 08:28:39.241022 - Found ZZRELINK.txt (text/plain) in CBT.V508.FILE361.PDS, moved to PDS/ZZRELINK
2025-04-04 08:28:39.241146 - Found ZZRESCAN.txt (text/plain) in CBT.V508.FILE361.PDS, moved to PDS/ZZRESCAN
2025-04-04 08:28:39.241274 - Found ZZROVBLD.txt (text/plain) in CBT.V508.FILE361.PDS, moved to PDS/ZZROVBLD
2025-04-04 08:28:39.241398 - Found ZZROVCRD.txt (text/plain) in CBT.V508.FILE361.PDS, moved to PDS/ZZROVCRD
